\BOOKMARK [1][-]{section.1}{Introducci\363n}{}% 1
\BOOKMARK [1][-]{section.2}{Plan de trabajo}{}% 2
\BOOKMARK [2][-]{subsection.2.1}{Descripci\363n}{section.2}% 3
\BOOKMARK [2][-]{subsection.2.2}{Plan de actividades}{section.2}% 4
\BOOKMARK [2][-]{subsection.2.3}{Cronograma}{section.2}% 5
\BOOKMARK [2][-]{subsection.2.4}{Aportaciones}{section.2}% 6
\BOOKMARK [1][-]{section.3}{Dise\361o}{}% 7
\BOOKMARK [2][-]{subsection.3.1}{An\341lisis de requerimientos}{section.3}% 8
\BOOKMARK [2][-]{subsection.3.2}{Modelo conceptual}{section.3}% 9
\BOOKMARK [3][-]{subsubsection.3.2.1}{Modelo Entidad-Relaci\363n}{subsection.3.2}% 10
\BOOKMARK [2][-]{subsection.3.3}{Modelo l\363gico}{section.3}% 11
\BOOKMARK [3][-]{subsubsection.3.3.1}{Representaci\363n Intermedia}{subsection.3.3}% 12
\BOOKMARK [3][-]{subsubsection.3.3.2}{Transformaci\363n de MER a MR}{subsection.3.3}% 13
\BOOKMARK [3][-]{subsubsection.3.3.3}{Modelo Relacional}{subsection.3.3}% 14
\BOOKMARK [3][-]{subsubsection.3.3.4}{Normalizaci\363n}{subsection.3.3}% 15
\BOOKMARK [2][-]{subsection.3.4}{Modelo f\355sico}{section.3}% 16
\BOOKMARK [3][-]{subsubsection.3.4.1}{IaaS}{subsection.3.4}% 17
\BOOKMARK [1][-]{section.4}{Implementaci\363n}{}% 18
\BOOKMARK [2][-]{subsection.4.1}{C\363digos}{section.4}% 19
\BOOKMARK [2][-]{subsection.4.2}{DDL}{section.4}% 20
\BOOKMARK [1][-]{section.5}{Presentaci\363n}{}% 21
\BOOKMARK [2][-]{subsection.5.1}{P\341gina Web}{section.5}% 22
\BOOKMARK [1][-]{section.6}{Conclusiones}{}% 23
